<?xml version="1.0" encoding="UTF-8"?>
<!-- Generated by org.testng.reporters.JUnitReportReporter -->
<testsuite hostname="DESKTOP-RVS2P37" failures="0" tests="10" name="Tests.LoginPageTest" time="2.006" errors="0" timestamp="2021-10-31T03:08:18 EET" skipped="0">
  <testcase classname="Tests.LoginPageTest" name="PostThenGetNewProductByID" time="0.195"/>
  <system-out/>
  <testcase classname="Tests.LoginPageTest" name="CheckPostResponseSuccessWhenRemoveOptionalParam" time="0.171"/>
  <system-out/>
  <testcase classname="Tests.LoginPageTest" name="CheckPostResponseFailWhenRemoveMandatoryParam" time="0.331"/>
  <system-out/>
  <testcase classname="Tests.LoginPageTest" name="CheckGetResponseSuccess" time="0.013"/>
  <system-out/>
  <testcase classname="Tests.LoginPageTest" name="CheckGetResponseFail" time="0.009"/>
  <system-out/>
  <testcase classname="Tests.LoginPageTest" name="CheckGetIdContainsCorrectName" time="0.515"/>
  <system-out/>
  <testcase classname="Tests.LoginPageTest" name="PostThenDeleteNewProductByIDx2" time="0.313"/>
  <system-out/>
  <testcase classname="Tests.LoginPageTest" name="CheckPostResponseSuccess" time="0.154"/>
  <system-out/>
  <testcase classname="Tests.LoginPageTest" name="CheckGetIdWithIncorrectName" time="0.013"/>
  <system-out/>
  <testcase classname="Tests.LoginPageTest" name="PostThenDeleteNewProductByID" time="0.292"/>
  <system-out/>
</testsuite> <!-- Tests.LoginPageTest -->
