<?xml version="1.0" encoding="UTF-8"?>
<!-- Generated by org.testng.reporters.JUnitReportReporter -->
<testsuite hostname="DESKTOP-RVS2P37" failures="0" tests="2" name="Tests.DELETE_Testcases" time="0.679" errors="0" timestamp="2021-10-31T03:11:58 EET" skipped="0">
  <testcase classname="Tests.DELETE_Testcases" name="PostThenDeleteNewProductByID" time="0.332"/>
  <system-out/>
  <testcase classname="Tests.DELETE_Testcases" name="PostThenDeleteNewProductByIDx2" time="0.347"/>
  <system-out/>
</testsuite> <!-- Tests.DELETE_Testcases -->
