<?xml version="1.0" encoding="UTF-8"?>
<!-- Generated by org.testng.reporters.JUnitReportReporter -->
<testsuite hostname="DESKTOP-RVS2P37" failures="0" tests="3" name="Tests.POST_Testcases" time="1.030" errors="0" timestamp="2021-10-31T03:11:58 EET" skipped="0">
  <testcase classname="Tests.POST_Testcases" name="CheckPostResponseSuccess" time="0.160"/>
  <system-out/>
  <testcase classname="Tests.POST_Testcases" name="CheckPostResponseFailWhenRemoveMandatoryParam" time="0.722"/>
  <system-out/>
  <testcase classname="Tests.POST_Testcases" name="CheckPostResponseSuccessWhenRemoveOptionalParam" time="0.148"/>
  <system-out/>
</testsuite> <!-- Tests.POST_Testcases -->
