<?xml version="1.0" encoding="UTF-8"?>
<!-- Generated by org.testng.reporters.JUnitReportReporter -->
<testsuite hostname="DESKTOP-RVS2P37" failures="0" tests="5" name="Tests.GET_Testcases" time="0.257" errors="0" timestamp="2021-10-31T03:11:58 EET" skipped="0">
  <testcase classname="Tests.GET_Testcases" name="CheckGetIdContainsCorrectName" time="0.031"/>
  <system-out/>
  <testcase classname="Tests.GET_Testcases" name="CheckGetResponseFail" time="0.014"/>
  <system-out/>
  <testcase classname="Tests.GET_Testcases" name="CheckGetResponseSuccess" time="0.013"/>
  <system-out/>
  <testcase classname="Tests.GET_Testcases" name="PostThenGetNewProductByID" time="0.185"/>
  <system-out/>
  <testcase classname="Tests.GET_Testcases" name="CheckGetIdWithIncorrectName" time="0.014"/>
  <system-out/>
</testsuite> <!-- Tests.GET_Testcases -->
